\BOOKMARK [0][-]{chap:titlepage.0}{Title Page}{}% 1
\BOOKMARK [0][-]{chap:plagiarism_undertaking.0}{Plagiarism Undertaking}{}% 2
\BOOKMARK [0][-]{chap:author_declaration.0}{Author's Declaration}{}% 3
\BOOKMARK [0][-]{chap:certificate_of_approval.0}{Certificate of Approval}{}% 4
\BOOKMARK [0][-]{chap:dedication.0}{Dedication}{}% 5
\BOOKMARK [0][-]{chap:abstract.0}{Abstract}{}% 6
\BOOKMARK [0][-]{chap:acknowledgements.0}{Acknowledgements}{}% 7
\BOOKMARK [0][-]{chapter*.5}{Contents}{}% 8
\BOOKMARK [0][-]{chapter*.6}{List of Tables}{}% 9
\BOOKMARK [0][-]{chapter*.7}{List of Figures}{}% 10
\BOOKMARK [0][-]{chapter*.8}{List of Symbols, Nomenclature or Abbreviations}{}% 11
\BOOKMARK [0][-]{chapter.1}{1 Introduction}{}% 12
\BOOKMARK [1][-]{section.1.1}{1.1 A Section}{chapter.1}% 13
\BOOKMARK [2][-]{subsection.1.1.1}{1.1.1 A Subsection}{section.1.1}% 14
\BOOKMARK [0][-]{chapter.2}{2 Literature Review}{}% 15
\BOOKMARK [1][-]{section.2.1}{2.1 Example Citation}{chapter.2}% 16
\BOOKMARK [1][-]{section.2.2}{2.2 Example Tables}{chapter.2}% 17
\BOOKMARK [2][-]{subsection.2.2.1}{2.2.1 A Table With Border}{section.2.2}% 18
\BOOKMARK [2][-]{subsection.2.2.2}{2.2.2 A Table Without Border}{section.2.2}% 19
\BOOKMARK [1][-]{section.2.3}{2.3 Example List}{chapter.2}% 20
\BOOKMARK [2][-]{subsection.2.3.1}{2.3.1 Example Dotted List}{section.2.3}% 21
\BOOKMARK [2][-]{subsection.2.3.2}{2.3.2 Example Numbered List}{section.2.3}% 22
\BOOKMARK [1][-]{section.2.4}{2.4 Math Example}{chapter.2}% 23
\BOOKMARK [2][-]{subsection.2.4.1}{2.4.1 Inline Math Mode}{section.2.4}% 24
\BOOKMARK [2][-]{subsection.2.4.2}{2.4.2 Displayed Math}{section.2.4}% 25
\BOOKMARK [1][-]{section.2.5}{2.5 Graphics Example}{chapter.2}% 26
\BOOKMARK [2][-]{subsection.2.5.1}{2.5.1 Stars}{section.2.5}% 27
\BOOKMARK [0][-]{chapter.3}{3 Methodology}{}% 28
\BOOKMARK [1][-]{section.3.1}{3.1 A Section}{chapter.3}% 29
\BOOKMARK [2][-]{subsection.3.1.1}{3.1.1 A Subsection}{section.3.1}% 30
\BOOKMARK [2][-]{subsection.3.1.2}{3.1.2 Printing Verbatim}{section.3.1}% 31
\BOOKMARK [1][-]{section.3.2}{3.2 A Section}{chapter.3}% 32
\BOOKMARK [2][-]{subsection.3.2.1}{3.2.1 Pretty-printing Program Code}{section.3.2}% 33
\BOOKMARK [0][-]{chapter.4}{4 Conclusions}{}% 34
\BOOKMARK [1][-]{section.4.1}{4.1 A Section}{chapter.4}% 35
\BOOKMARK [2][-]{subsection.4.1.1}{4.1.1 A Subsection}{section.4.1}% 36
\BOOKMARK [0][-]{chapter.5}{5 Recommendations for Future Work}{}% 37
\BOOKMARK [1][-]{section.5.1}{5.1 A Section}{chapter.5}% 38
\BOOKMARK [2][-]{subsection.5.1.1}{5.1.1 A Subsection}{section.5.1}% 39
\BOOKMARK [0][-]{chapter*.12}{Bibliography}{}% 40
\BOOKMARK [0][-]{appendix.a.A}{A Mathematical Equations}{}% 41
\BOOKMARK [1][-]{section.a.A.1}{A.1 Cubic Equation}{appendix.a.A}% 42
\BOOKMARK [1][-]{section.a.A.2}{A.2 Sample Equation}{appendix.a.A}% 43
\BOOKMARK [0][-]{appendix.a.B}{B More Mathematical Equations}{}% 44
\BOOKMARK [1][-]{section.a.B.1}{B.1 A Basic Equation}{appendix.a.B}% 45
\BOOKMARK [1][-]{section.a.B.2}{B.2 Another Sample Equation}{appendix.a.B}% 46
\BOOKMARK [0][-]{equation.a.B.2.2}{Index}{}% 47
