This is pdfTeX, Version 3.14159265-2.6-1.40.21 (MiKTeX 21.1) (preloaded format=latex 2021.2.15)  25 FEB 2021 09:08
entering extended mode
**./NU_Thesis.tex
(NU_Thesis.tex
LaTeX2e <2020-10-01> patch level 4
L3 programming layer <2021-01-09> xparse <2020-03-03> (nufastthesis.cls
Document Class: nufastthesis 2020/09/14 v1.0 NU FAST LaTeX Thesis class
("C:\Program Files\MiKTeX\tex/latex/base\report.cls"
Document Class: report 2020/04/10 v1.4m Standard LaTeX document class
("C:\Program Files\MiKTeX\tex/latex/base\size12.clo"
File: size12.clo 2020/04/10 v1.4m Standard LaTeX file (size option)
)
\c@part=\count177
\c@chapter=\count178
\c@section=\count179
\c@subsection=\count180
\c@subsubsection=\count181
\c@paragraph=\count182
\c@subparagraph=\count183
\c@figure=\count184
\c@table=\count185
\abovecaptionskip=\skip47
\belowcaptionskip=\skip48
\bibindent=\dimen138
)) (preamble.tex ("C:\Program Files\MiKTeX\tex/latex/lm\lmodern.sty"
Package: lmodern 2009/10/30 v1.6 Latin Modern Fonts
LaTeX Font Info:    Overwriting symbol font `operators' in version `normal'
(Font)                  OT1/cmr/m/n --> OT1/lmr/m/n on input line 22.
LaTeX Font Info:    Overwriting symbol font `letters' in version `normal'
(Font)                  OML/cmm/m/it --> OML/lmm/m/it on input line 23.
LaTeX Font Info:    Overwriting symbol font `symbols' in version `normal'
(Font)                  OMS/cmsy/m/n --> OMS/lmsy/m/n on input line 24.
LaTeX Font Info:    Overwriting symbol font `largesymbols' in version `normal'
(Font)                  OMX/cmex/m/n --> OMX/lmex/m/n on input line 25.
LaTeX Font Info:    Overwriting symbol font `operators' in version `bold'
(Font)                  OT1/cmr/bx/n --> OT1/lmr/bx/n on input line 26.
LaTeX Font Info:    Overwriting symbol font `letters' in version `bold'
(Font)                  OML/cmm/b/it --> OML/lmm/b/it on input line 27.
LaTeX Font Info:    Overwriting symbol font `symbols' in version `bold'
(Font)                  OMS/cmsy/b/n --> OMS/lmsy/b/n on input line 28.
LaTeX Font Info:    Overwriting symbol font `largesymbols' in version `bold'
(Font)                  OMX/cmex/m/n --> OMX/lmex/m/n on input line 29.
LaTeX Font Info:    Overwriting math alphabet `\mathbf' in version `normal'
(Font)                  OT1/cmr/bx/n --> OT1/lmr/bx/n on input line 31.
LaTeX Font Info:    Overwriting math alphabet `\mathsf' in version `normal'
(Font)                  OT1/cmss/m/n --> OT1/lmss/m/n on input line 32.
LaTeX Font Info:    Overwriting math alphabet `\mathit' in version `normal'
(Font)                  OT1/cmr/m/it --> OT1/lmr/m/it on input line 33.
LaTeX Font Info:    Overwriting math alphabet `\mathtt' in version `normal'
(Font)                  OT1/cmtt/m/n --> OT1/lmtt/m/n on input line 34.
LaTeX Font Info:    Overwriting math alphabet `\mathbf' in version `bold'
(Font)                  OT1/cmr/bx/n --> OT1/lmr/bx/n on input line 35.
LaTeX Font Info:    Overwriting math alphabet `\mathsf' in version `bold'
(Font)                  OT1/cmss/bx/n --> OT1/lmss/bx/n on input line 36.
LaTeX Font Info:    Overwriting math alphabet `\mathit' in version `bold'
(Font)                  OT1/cmr/bx/it --> OT1/lmr/bx/it on input line 37.
LaTeX Font Info:    Overwriting math alphabet `\mathtt' in version `bold'
(Font)                  OT1/cmtt/m/n --> OT1/lmtt/m/n on input line 38.
) ("C:\Program Files\MiKTeX\tex/latex/base\fontenc.sty"
Package: fontenc 2020/08/10 v2.0s Standard LaTeX package
LaTeX Font Info:    Trying to load font information for T1+lmr on input line 112.
 ("C:\Program Files\MiKTeX\tex/latex/lm\t1lmr.fd"
File: t1lmr.fd 2009/10/30 v1.6 Font defs for Latin Modern
))
("C:\Program Files\MiKTeX\tex/latex/amsmath\amsmath.sty"
Package: amsmath 2020/09/23 v2.17i AMS math features
\@mathmargin=\skip49

For additional information on amsmath, use the `?' option.
("C:\Program Files\MiKTeX\tex/latex/amsmath\amstext.sty"
Package: amstext 2000/06/29 v2.01 AMS text
 ("C:\Program Files\MiKTeX\tex/latex/amsmath\amsgen.sty"
File: amsgen.sty 1999/11/30 v2.0 generic functions
\@emptytoks=\toks15
\ex@=\dimen139
))
("C:\Program Files\MiKTeX\tex/latex/amsmath\amsbsy.sty"
Package: amsbsy 1999/11/29 v1.2d Bold Symbols
\pmbraise@=\dimen140
) ("C:\Program Files\MiKTeX\tex/latex/amsmath\amsopn.sty"
Package: amsopn 2016/03/08 v2.02 operator names
)
\inf@bad=\count186
LaTeX Info: Redefining \frac on input line 234.
\uproot@=\count187
\leftroot@=\count188
LaTeX Info: Redefining \overline on input line 399.
\classnum@=\count189
\DOTSCASE@=\count190
LaTeX Info: Redefining \ldots on input line 496.
LaTeX Info: Redefining \dots on input line 499.
LaTeX Info: Redefining \cdots on input line 620.
\Mathstrutbox@=\box47
\strutbox@=\box48
\big@size=\dimen141
LaTeX Font Info:    Redeclaring font encoding OML on input line 743.
LaTeX Font Info:    Redeclaring font encoding OMS on input line 744.
\macc@depth=\count191
\c@MaxMatrixCols=\count192
\dotsspace@=\muskip16
\c@parentequation=\count193
\dspbrk@lvl=\count194
\tag@help=\toks16
\row@=\count195
\column@=\count196
\maxfields@=\count197
\andhelp@=\toks17
\eqnshift@=\dimen142
\alignsep@=\dimen143
\tagshift@=\dimen144
\tagwidth@=\dimen145
\totwidth@=\dimen146
\lineht@=\dimen147
\@envbody=\toks18
\multlinegap=\skip50
\multlinetaggap=\skip51
\mathdisplay@stack=\toks19
LaTeX Info: Redefining \[ on input line 2923.
LaTeX Info: Redefining \] on input line 2924.
)
(C:\Users\Syed\AppData\Roaming\MiKTeX\tex/latex/amscls\amsthm.sty
Package: amsthm 2020/05/29 v2.20.6
\thm@style=\toks20
\thm@bodyfont=\toks21
\thm@headfont=\toks22
\thm@notefont=\toks23
\thm@headpunct=\toks24
\thm@preskip=\skip52
\thm@postskip=\skip53
\thm@headsep=\skip54
\dth@everypar=\toks25
)
(C:\Users\Syed\AppData\Roaming\MiKTeX\tex/latex/geometry\geometry.sty
Package: geometry 2020/01/02 v5.9 Page Geometry

("C:\Program Files\MiKTeX\tex/latex/graphics\keyval.sty"
Package: keyval 2014/10/28 v1.15 key=value parser (DPC)
\KV@toks@=\toks26
) ("C:\Program Files\MiKTeX\tex/generic/iftex\ifvtex.sty"
Package: ifvtex 2019/10/25 v1.7 ifvtex legacy package. Use iftex instead.

("C:\Program Files\MiKTeX\tex/generic/iftex\iftex.sty"
Package: iftex 2020/03/06 v1.0d TeX engine tests
))
\Gm@cnth=\count198
\Gm@cntv=\count199
\c@Gm@tempcnt=\count266
\Gm@bindingoffset=\dimen148
\Gm@wd@mp=\dimen149
\Gm@odd@mp=\dimen150
\Gm@even@mp=\dimen151
\Gm@layoutwidth=\dimen152
\Gm@layoutheight=\dimen153
\Gm@layouthoffset=\dimen154
\Gm@layoutvoffset=\dimen155
\Gm@dimlist=\toks27

(C:\Users\Syed\AppData\Roaming\MiKTeX\tex/latex/geometry\geometry.cfg))
(C:\Users\Syed\AppData\Roaming\MiKTeX\tex/latex/comment\comment.sty
\CommentStream=\write3
 Excluding comment 'comment')
(C:\Users\Syed\AppData\Roaming\MiKTeX\tex/latex/fancybox\fancybox.sty
Package: fancybox 2010/05/15 1.4

Style option: `fancybox' v1.4 <2010/05/15> (tvz)
\@fancybox=\box49
\shadowsize=\dimen156
\@Sbox=\box50
\do@VerbBox=\toks28
\the@fancyput=\toks29
\this@fancyput=\toks30
\EndVerbatimTokens=\toks31
\Verbatim@Outfile=\write4
\Verbatim@Infile=\read2
) (C:\Users\Syed\AppData\Roaming\MiKTeX\tex/latex/truncate\truncate.sty
Package: truncate 2001/08/20  ver 3.6
\@Trunc@RestHyph=\toks32
)
(C:\Users\Syed\AppData\Roaming\MiKTeX\tex/latex/fancyhdr\fancyhdr.sty
Package: fancyhdr 2021/01/28 v4.0.1 Extensive control of page headers and footers
\f@nch@headwidth=\skip55
\f@nch@O@elh=\skip56
\f@nch@O@erh=\skip57
\f@nch@O@olh=\skip58
\f@nch@O@orh=\skip59
\f@nch@O@elf=\skip60
\f@nch@O@erf=\skip61
\f@nch@O@olf=\skip62
\f@nch@O@orf=\skip63
)
("C:\Program Files\MiKTeX\tex/latex/listings\listings.sty"
\lst@mode=\count267
\lst@gtempboxa=\box51
\lst@token=\toks33
\lst@length=\count268
\lst@currlwidth=\dimen157
\lst@column=\count269
\lst@pos=\count270
\lst@lostspace=\dimen158
\lst@width=\dimen159
\lst@newlines=\count271
\lst@lineno=\count272
\lst@maxwidth=\dimen160
 ("C:\Program Files\MiKTeX\tex/latex/listings\lstmisc.sty"
File: lstmisc.sty 2020/03/24 1.8d (Carsten Heinz)
\c@lstnumber=\count273
\lst@skipnumbers=\count274
\lst@framebox=\box52
)
("C:\Program Files\MiKTeX\tex/latex/listings\listings.cfg"
File: listings.cfg 2020/03/24 1.8d listings configuration
))
Package: listings 2020/03/24 1.8d (Carsten Heinz)

(C:\Users\Syed\AppData\Roaming\MiKTeX\tex/latex/cite\cite.sty
LaTeX Info: Redefining \cite on input line 302.
LaTeX Info: Redefining \nocite on input line 332.
Package: cite 2015/02/27  v 5.5
)
(C:\Users\Syed\AppData\Roaming\MiKTeX\tex/latex/notoccite\notoccite.sty
Package: notoccite 2000/07/20
)
("C:\Program Files\MiKTeX\tex/latex/xcolor\xcolor.sty"
Package: xcolor 2016/05/11 v2.12 LaTeX color extensions (UK)
 ("C:\Program Files\MiKTeX\tex/latex/graphics-cfg\color.cfg"
File: color.cfg 2016/01/02 v1.6 sample color configuration
)
Package xcolor Info: Driver file: dvips.def on input line 225.

("C:\Program Files\MiKTeX\tex/latex/graphics-def\dvips.def"
File: dvips.def 2017/06/20 v3.1d Graphics/color driver for dvips
)
Package xcolor Info: Model `cmy' substituted by `cmy0' on input line 1348.
Package xcolor Info: Model `RGB' extended on input line 1364.
Package xcolor Info: Model `HTML' substituted by `rgb' on input line 1366.
Package xcolor Info: Model `Hsb' substituted by `hsb' on input line 1367.
Package xcolor Info: Model `tHsb' substituted by `hsb' on input line 1368.
Package xcolor Info: Model `HSB' substituted by `hsb' on input line 1369.
Package xcolor Info: Model `Gray' substituted by `gray' on input line 1370.
Package xcolor Info: Model `wave' substituted by `hsb' on input line 1371.
 ("C:\Program Files\MiKTeX\tex/latex/graphics\dvipsnam.def"
File: dvipsnam.def 2016/06/17 v3.0m Driver-dependent file (DPC,SPQR)
)) (C:\Users\Syed\AppData\Roaming\MiKTeX\tex/latex/caption\caption.sty
Package: caption 2020/10/26 v3.5g Customizing captions (AR)

(C:\Users\Syed\AppData\Roaming\MiKTeX\tex/latex/caption\caption3.sty
Package: caption3 2020/10/21 v2.2e caption3 kernel (AR)
\captionmargin=\dimen161
\captionmargin@=\dimen162
\captionwidth=\dimen163
\caption@tempdima=\dimen164
\caption@indent=\dimen165
\caption@parindent=\dimen166
\caption@hangindent=\dimen167
Package caption Info: Standard document class detected.
)
\c@caption@flags=\count275
\c@continuedfloat=\count276
Package caption Info: listings package is loaded.
)
(C:\Users\Syed\AppData\Roaming\MiKTeX\tex/latex/caption\subcaption.sty
Package: subcaption 2020/10/07 v1.3j Sub-captions (AR)
\c@subfigure=\count277
\c@subtable=\count278
)
(C:\Users\Syed\AppData\Roaming\MiKTeX\tex/latex/psfrag\psfrag.sty
Package: psfrag 1998/04/11 v3.04 PSfrag (MCG)

("C:\Program Files\MiKTeX\tex/latex/graphics\graphics.sty"
Package: graphics 2020/08/30 v1.4c Standard LaTeX Graphics (DPC,SPQR)
 ("C:\Program Files\MiKTeX\tex/latex/graphics\trig.sty"
Package: trig 2016/01/03 v1.10 sin cos tan (DPC)
)
("C:\Program Files\MiKTeX\tex/latex/graphics-cfg\graphics.cfg"
File: graphics.cfg 2016/06/04 v1.11 sample graphics configuration
)
Package graphics Info: Driver file: dvips.def on input line 105.
)
\pfg@pcount=\count279
\pfg@scount=\count280
\pfg@temp=\write5
)
(C:\Users\Syed\AppData\Roaming\MiKTeX\tex/latex/setspace\setspace.sty
Package: setspace 2011/12/19 v6.7a set line spacing
)
(C:\Users\Syed\AppData\Roaming\MiKTeX\tex/latex/latex-tools\multicol.sty
Package: multicol 2019/12/09 v1.8y multicolumn formatting (FMi)
\c@tracingmulticols=\count281
\mult@box=\box53
\multicol@leftmargin=\dimen168
\c@unbalance=\count282
\c@collectmore=\count283
\doublecol@number=\count284
\multicoltolerance=\count285
\multicolpretolerance=\count286
\full@width=\dimen169
\page@free=\dimen170
\premulticols=\dimen171
\postmulticols=\dimen172
\multicolsep=\skip64
\multicolbaselineskip=\skip65
\partial@page=\box54
\last@line=\box55
\maxbalancingoverflow=\dimen173
\mult@rightbox=\box56
\mult@grightbox=\box57
\mult@gfirstbox=\box58
\mult@firstbox=\box59
\@tempa=\box60
\@tempa=\box61
\@tempa=\box62
\@tempa=\box63
\@tempa=\box64
\@tempa=\box65
\@tempa=\box66
\@tempa=\box67
\@tempa=\box68
\@tempa=\box69
\@tempa=\box70
\@tempa=\box71
\@tempa=\box72
\@tempa=\box73
\@tempa=\box74
\@tempa=\box75
\@tempa=\box76
\@tempa=\box77
\@tempa=\box78
\@tempa=\box79
\@tempa=\box80
\@tempa=\box81
\@tempa=\box82
\@tempa=\box83
\@tempa=\box84
\@tempa=\box85
\@tempa=\box86
\@tempa=\box87
\@tempa=\box88
\@tempa=\box89
\@tempa=\box90
\@tempa=\box91
\@tempa=\box92
\@tempa=\box93
\@tempa=\box94
\@tempa=\box95
\@tempa=\box96
\c@minrows=\count287
\c@columnbadness=\count288
\c@finalcolumnbadness=\count289
\last@try=\dimen174
\multicolovershoot=\dimen175
\multicolundershoot=\dimen176
\mult@nat@firstbox=\box97
\colbreak@box=\box98
\mc@col@check@num=\count290
)
("C:\Program Files\MiKTeX\tex/latex/graphics\graphicx.sty"
Package: graphicx 2020/09/09 v1.2b Enhanced LaTeX Graphics (DPC,SPQR)
\Gin@req@height=\dimen177
\Gin@req@width=\dimen178
)
(C:\Users\Syed\AppData\Roaming\MiKTeX\tex/latex/morefloats\morefloats.sty
Package: morefloats 2015/07/22 v1.0h Raise limit of unprocessed floats (HMM)

(C:\Users\Syed\AppData\Roaming\MiKTeX\tex/latex/kvoptions\kvoptions.sty
Package: kvoptions 2020-10-07 v3.14 Key value format for package options (HO)

(C:\Users\Syed\AppData\Roaming\MiKTeX\tex/generic/ltxcmds\ltxcmds.sty
Package: ltxcmds 2020-05-10 v1.25 LaTeX kernel commands for general use (HO)
)
(C:\Users\Syed\AppData\Roaming\MiKTeX\tex/generic/kvsetkeys\kvsetkeys.sty
Package: kvsetkeys 2019/12/15 v1.18 Key value parser (HO)
))
Package morefloats Info: Maximum number of possible floats asked for: 36
(morefloats)             (i.e. 18 more floats).
(morefloats)             LaTeX might run out of memory before this
(morefloats)             (in which case it will notify you).
)
("C:\Program Files\MiKTeX\tex/latex/graphics\rotating.sty"
Package: rotating 2016/08/11 v2.16d rotated objects in LaTeX
 ("C:\Program Files\MiKTeX\tex/latex/base\ifthen.sty"
Package: ifthen 2014/09/29 v1.1c Standard LaTeX ifthen package (DPC)
)
\c@r@tfl@t=\count291
\rotFPtop=\skip66
\rotFPbot=\skip67
\rot@float@box=\box99
\rot@mess@toks=\toks34
)
(C:\Users\Syed\AppData\Roaming\MiKTeX\tex/latex/pdflscape\pdflscape.sty
Package: pdflscape 2019/12/05 v0.12 Display of landscape pages in PDF (HO)

("C:\Program Files\MiKTeX\tex/latex/graphics\lscape.sty"
Package: lscape 2020/05/28 v3.02 Landscape Pages (DPC)
)
Package pdflscape Info: Auto-detected driver: dvips (dvips) on input line 124.
 ("C:\Program Files\MiKTeX\tex/latex/base\atbegshi-ltx.sty"
Package: atbegshi-ltx 2020/08/17 v1.0a Emulation of the original atbegshi package
with kernel methods
))
("C:\Program Files\MiKTeX\tex/latex/url\url.sty"
\Urlmuskip=\muskip17
Package: url 2013/09/16  ver 3.4  Verb mode for urls, etc.
) (C:\Users\Syed\AppData\Roaming\MiKTeX\tex/latex/latex-tools\array.sty
Package: array 2020/10/01 v2.5c Tabular extension package (FMi)
\col@sep=\dimen179
\ar@mcellbox=\box100
\extrarowheight=\dimen180
\NC@list=\toks35
\extratabsurround=\skip68
\backup@length=\skip69
\ar@cellbox=\box101
) (C:\Users\Syed\AppData\Roaming\MiKTeX\tex/latex/latex-tools\tabularx.sty
Package: tabularx 2020/01/15 v2.11c `tabularx' package (DPC)
\TX@col@width=\dimen181
\TX@old@table=\dimen182
\TX@old@col=\dimen183
\TX@target=\dimen184
\TX@delta=\dimen185
\TX@cols=\count292
\TX@ftn=\toks36
)
(C:\Users\Syed\AppData\Roaming\MiKTeX\tex/latex/tabulary\tabulary.sty
Package: tabulary 2014/06/11 v0.10 tabulary package (DPC)
\TY@count=\count293
\TY@linewidth=\dimen186
\tymin=\dimen187
\tymax=\dimen188
\TY@tablewidth=\dimen189
)
(C:\Users\Syed\AppData\Roaming\MiKTeX\tex/latex/latex-tools\longtable.sty
Package: longtable 2020/01/07 v4.13 Multi-page Table package (DPC)
\LTleft=\skip70
\LTright=\skip71
\LTpre=\skip72
\LTpost=\skip73
\LTchunksize=\count294
\LTcapwidth=\dimen190
\LT@head=\box102
\LT@firsthead=\box103
\LT@foot=\box104
\LT@lastfoot=\box105
\LT@cols=\count295
\LT@rows=\count296
\c@LT@tables=\count297
\c@LT@chunks=\count298
\LT@p@ftn=\toks37
)
(C:\Users\Syed\AppData\Roaming\MiKTeX\tex/latex/supertabular\supertabular.sty
Package: supertabular 2020/02/02 v4.1g the supertabular environment
\c@tracingst=\count299
\ST@wd=\dimen191
\ST@rightskip=\skip74
\ST@leftskip=\skip75
\ST@parfillskip=\skip76
\ST@pageleft=\dimen192
\ST@headht=\dimen193
\ST@tailht=\dimen194
\ST@pagesofar=\dimen195
\ST@pboxht=\dimen196
\ST@lineht=\dimen197
\ST@prevht=\dimen198
\ST@toadd=\dimen199
\ST@dimen=\dimen256
\ST@pbox=\box106
)
(C:\Users\Syed\AppData\Roaming\MiKTeX\tex/latex/threeparttable\threeparttable.sty
Package: threeparttable 2003/06/13  v 3.0
\@tempboxb=\box107
)
(C:\Users\Syed\AppData\Roaming\MiKTeX\tex/latex/booktabs\booktabs.sty
Package: booktabs 2020/01/12 v1.61803398 Publication quality tables
\heavyrulewidth=\dimen257
\lightrulewidth=\dimen258
\cmidrulewidth=\dimen259
\belowrulesep=\dimen260
\belowbottomsep=\dimen261
\aboverulesep=\dimen262
\abovetopsep=\dimen263
\cmidrulesep=\dimen264
\cmidrulekern=\dimen265
\defaultaddspace=\dimen266
\@cmidla=\count300
\@cmidlb=\count301
\@aboverulesep=\dimen267
\@belowrulesep=\dimen268
\@thisruleclass=\count302
\@lastruleclass=\count303
\@thisrulewidth=\dimen269
)
(C:\Users\Syed\AppData\Roaming\MiKTeX\tex/latex/placeins\placeins.sty
Package: placeins 2005/04/18  v 2.2
)
(C:\Users\Syed\AppData\Roaming\MiKTeX\tex/latex/latex-tools\bm.sty
Package: bm 2019/07/24 v1.2d Bold Symbol Support (DPC/FMi)
\symboldoperators=\mathgroup4
\symboldletters=\mathgroup5
\symboldsymbols=\mathgroup6
LaTeX Font Info:    Redeclaring math alphabet \mathbf on input line 141.
LaTeX Info: Redefining \bm on input line 209.
)
(C:\Users\Syed\AppData\Roaming\MiKTeX\tex/latex/lettrine\lettrine.sty
File: lettrine.sty 2020-03-14 v2.23 (Daniel Flipo)

(C:\Users\Syed\AppData\Roaming\MiKTeX\tex/generic/minifp\minifp.sty
Package: minifp 2013/12/30 v0.96. Macros for real number operations and a stack-based programing language.
\MFP@loopctr=\count304
)
\c@DefaultLines=\count305
\c@DefaultDepth=\count306
\DefaultFindent=\dimen270
\DefaultNindent=\dimen271
\DefaultSlope=\dimen272
\DiscardVskip=\dimen273
\L@lbox=\box108
\L@tbox=\box109
\c@L@lines=\count307
\c@L@depth=\count308
\L@Pindent=\dimen274
\L@Findent=\dimen275
\L@Nindent=\dimen276
\L@lraise=\dimen277
\L@first=\dimen278
\L@next=\dimen279
\L@slope=\dimen280
\L@height=\dimen281
\L@novskip=\dimen282
\L@target@ht=\dimen283
\L@target@dp=\dimen284
\L@target@tht=\dimen285
\LettrineWidth=\dimen286
\LettrineHeight=\dimen287
\LettrineDepth=\dimen288
\Llist@everypar=\toks38

Loading lettrine.cfg
(C:\Users\Syed\AppData\Roaming\MiKTeX\tex/latex/lettrine\lettrine.cfg))
(C:\Users\Syed\AppData\Roaming\MiKTeX\tex/latex/tocbibind\tocbibind.sty
Package: tocbibind 2010/10/13 v1.5k extra ToC listings
Package tocbibind Info: The document has chapter divisions on input line 50.


Package tocbibind Note: Using chapter style headings, unless overridden.

) ("C:\Program Files\MiKTeX\tex/latex/base\makeidx.sty"
Package: makeidx 2014/09/29 v1.0m Standard LaTeX package
)
\@indexfile=\write6
\openout6 = `NU_Thesis.idx'.


Writing index file NU_Thesis.idx
(C:\Users\Syed\AppData\Roaming\MiKTeX\tex/latex/nomencl\nomencl.sty
Package: nomencl 2020/12/29 v5.5 Nomenclature package

("C:\Program Files\MiKTeX\tex/latex/xkeyval\xkeyval.sty"
Package: xkeyval 2020/11/20 v2.8 package option processing (HA)
 ("C:\Program Files\MiKTeX\tex/generic/xkeyval\xkeyval.tex"
("C:\Program Files\MiKTeX\tex/generic/xkeyval\xkvutils.tex"
\XKV@toks=\toks39
\XKV@tempa@toks=\toks40
)
\XKV@depth=\count309
File: xkeyval.tex 2014/12/03 v2.7a key=value parser (HA)
))
(C:\Users\Syed\AppData\Roaming\MiKTeX\tex/latex/koma-script\tocbasic.sty
Package: tocbasic 2020/09/21 v3.32 KOMA-Script package (handling toc-files)

(C:\Users\Syed\AppData\Roaming\MiKTeX\tex/latex/koma-script\scrbase.sty
Package: scrbase 2020/09/21 v3.32 KOMA-Script package (KOMA-Script-independent basics and keyval usage)

(C:\Users\Syed\AppData\Roaming\MiKTeX\tex/latex/koma-script\scrlfile.sty
Package: scrlfile 2020/09/21 v3.32 KOMA-Script package (file load hooks)

(C:\Users\Syed\AppData\Roaming\MiKTeX\tex/latex/koma-script\scrlfile-hook.sty
Package: scrlfile-hook 2020/09/21 v3.32 KOMA-Script package (using LaTeX hooks)

LaTeX3 Info: Defining command \BeforeFile with sig. 'm' on line 61.


LaTeX3 Info: Defining command \AfterFile with sig. 'm' on line 65.


LaTeX3 Info: Defining command \BeforeClass with sig. 'm' on line 69.


LaTeX3 Info: Defining command \BeforePackage with sig. 'm' on line 73.


LaTeX3 Info: Defining command \AfterAtEndOfClass with sig. 'smo+m' on line 83.


LaTeX3 Info: Defining command \AfterAtEndOfPackage with sig. 'smo+m' on line
(LaTeX3)     93.


LaTeX3 Info: Defining command \scrlfile@AfterClass with sig. 'smo+m' on line
(LaTeX3)     173.


LaTeX3 Info: Defining command \AfterClass with sig. '' on line 174.


LaTeX3 Info: Defining command \scrlfile@AfterPackage with sig. 'smo+m' on line
(LaTeX3)     191.


LaTeX3 Info: Defining command \AfterPackage with sig. '' on line 192.


LaTeX3 Info: Defining command \ReplaceInput with sig. '' on line 193.


LaTeX3 Info: Defining command \ReplaceClass with sig. 'mm' on line 196.


LaTeX3 Info: Defining command \ReplacePackage with sig. 'mm' on line 199.


LaTeX3 Info: Defining command \UnReplaceInput with sig. '' on line 200.


LaTeX3 Info: Defining command \UnReplaceClass with sig. 'm' on line 203.


LaTeX3 Info: Defining command \UnReplacePackage with sig. 'mm' on line 206.


LaTeX3 Info: Defining command \PreventPackageFromLoading with sig. 's+om' on
(LaTeX3)     line 234.


LaTeX3 Info: Defining command \StorePreventPackageFromLoading with sig. 'm' on
(LaTeX3)     line 242.


LaTeX3 Info: Defining command \ResetPreventPackageFromLoading with sig. '' on
(LaTeX3)     line 247.


LaTeX3 Info: Defining command \UnPreventPackageFromLoading with sig. 'sm' on
(LaTeX3)     line 261.


LaTeX3 Info: Defining command \BeforeClosingMainAux with sig. 'om' on line
(LaTeX3)     274.


LaTeX3 Info: Defining command \AfterReadingMainAux with sig. 'om' on line 287.


LaTeX3 Info: Defining command \protected@immediate@write with sig. 'm+m+m' on
(LaTeX3)     line 298.


(C:\Users\Syed\AppData\Roaming\MiKTeX\tex/latex/koma-script\scrlogo.sty
Package: scrlogo 2020/09/21 v3.32 KOMA-Script package (logo)
))))
\scr@dte@tocline@numberwidth=\skip77
\scr@dte@tocline@numbox=\box110
)
Package tocbasic Info: babel extension for `nlo' omitted
(tocbasic)             because of missing \bbl@set@language on input line 187.
Package tocbasic Info: babel extension for `nls' omitted
(tocbasic)             because of missing \bbl@set@language on input line 188.
\nomlabelwidth=\dimen289
\nom@tempdim=\dimen290
\nomitemsep=\skip78
)
\@nomenclaturefile=\write7
\openout7 = `NU_Thesis.nlo'.

Package nomencl Info: Writing nomenclature file NU_Thesis.nlo on input line 100.

(C:\Users\Syed\AppData\Roaming\MiKTeX\tex/latex/preprint\balance.sty
Package: balance 1999/02/23 4.3 (PWD)
\oldvsize=\dimen291
)
(C:\Users\Syed\AppData\Roaming\MiKTeX\tex/latex/appendix\appendix.sty
Package: appendix 2020/02/08 v1.2c extra appendix facilities
\c@@pps=\count310
\c@@ppsavesec=\count311
\c@@ppsaveapp=\count312
)
(C:\Users\Syed\AppData\Roaming\MiKTeX\tex/latex/latex-tools\varioref.sty
Package: varioref 2020/08/11 v1.6e package for extended references (FMi)
\c@vrcnt=\count313
)
("C:\Program Files\MiKTeX\tex/latex/hyperref\hyperref.sty"
Package: hyperref 2020-05-15 v7.00e Hypertext links for LaTeX

("C:\Program Files\MiKTeX\tex/generic/pdftexcmds\pdftexcmds.sty"
Package: pdftexcmds 2020-06-27 v0.33 Utility functions of pdfTeX for LuaTeX (HO)

(C:\Users\Syed\AppData\Roaming\MiKTeX\tex/generic/infwarerr\infwarerr.sty
Package: infwarerr 2019/12/03 v1.5 Providing info/warning/error messages (HO)
)
Package pdftexcmds Info: \pdf@primitive is available.
Package pdftexcmds Info: \pdf@ifprimitive is available.
Package pdftexcmds Info: \pdfdraftmode is ignored in DVI mode.
)
(C:\Users\Syed\AppData\Roaming\MiKTeX\tex/generic/kvdefinekeys\kvdefinekeys.sty
Package: kvdefinekeys 2019-12-19 v1.6 Define keys (HO)
)
(C:\Users\Syed\AppData\Roaming\MiKTeX\tex/generic/pdfescape\pdfescape.sty
Package: pdfescape 2019/12/09 v1.15 Implements pdfTeX's escape features (HO)
)
(C:\Users\Syed\AppData\Roaming\MiKTeX\tex/latex/hycolor\hycolor.sty
Package: hycolor 2020-01-27 v1.10 Color options for hyperref/bookmark (HO)
)
(C:\Users\Syed\AppData\Roaming\MiKTeX\tex/latex/letltxmacro\letltxmacro.sty
Package: letltxmacro 2019/12/03 v1.6 Let assignment for LaTeX macros (HO)
)
(C:\Users\Syed\AppData\Roaming\MiKTeX\tex/latex/auxhook\auxhook.sty
Package: auxhook 2019-12-17 v1.6 Hooks for auxiliary files (HO)
)
\@linkdim=\dimen292
\Hy@linkcounter=\count314
\Hy@pagecounter=\count315

("C:\Program Files\MiKTeX\tex/latex/hyperref\pd1enc.def"
File: pd1enc.def 2020-05-15 v7.00e Hyperref: PDFDocEncoding definition (HO)
Now handling font encoding PD1 ...
... no UTF-8 mapping file for font encoding PD1
)
(C:\Users\Syed\AppData\Roaming\MiKTeX\tex/generic/intcalc\intcalc.sty
Package: intcalc 2019/12/15 v1.3 Expandable calculations with integers (HO)
)
(C:\Users\Syed\AppData\Roaming\MiKTeX\tex/generic/etexcmds\etexcmds.sty
Package: etexcmds 2019/12/15 v1.7 Avoid name clashes with e-TeX commands (HO)
)
\Hy@SavedSpaceFactor=\count316
Package hyperref Info: Hyper figures OFF on input line 4464.
Package hyperref Info: Link nesting OFF on input line 4469.
Package hyperref Info: Hyper index ON on input line 4472.
Package hyperref Info: Plain pages OFF on input line 4479.
Package hyperref Info: Backreferencing OFF on input line 4484.
Package hyperref Info: Implicit mode ON; LaTeX internals redefined.
Package hyperref Info: Bookmarks ON on input line 4717.
\c@Hy@tempcnt=\count317
LaTeX Info: Redefining \url on input line 5076.
\XeTeXLinkMargin=\dimen293

(C:\Users\Syed\AppData\Roaming\MiKTeX\tex/generic/bitset\bitset.sty
Package: bitset 2019/12/09 v1.3 Handle bit-vector datatype (HO)

(C:\Users\Syed\AppData\Roaming\MiKTeX\tex/generic/bigintcalc\bigintcalc.sty
Package: bigintcalc 2019/12/15 v1.5 Expandable calculations on big integers (HO)
))
\Fld@menulength=\count318
\Field@Width=\dimen294
\Fld@charsize=\dimen295
Package hyperref Info: Hyper figures OFF on input line 6347.
Package hyperref Info: Link nesting OFF on input line 6352.
Package hyperref Info: Hyper index ON on input line 6355.
Package hyperref Info: backreferencing OFF on input line 6362.
Package hyperref Info: Link coloring OFF on input line 6367.
Package hyperref Info: Link coloring with OCG OFF on input line 6372.
Package hyperref Info: PDF/A mode OFF on input line 6377.
LaTeX Info: Redefining \ref on input line 6417.
LaTeX Info: Redefining \pageref on input line 6421.
\Hy@abspage=\count319
\c@Item=\count320
\c@Hfootnote=\count321
)
Package hyperref Info: Driver (default): hdvips.

("C:\Program Files\MiKTeX\tex/latex/hyperref\hdvips.def"
File: hdvips.def 2020-05-15 v7.00e Hyperref driver for dvips
 ("C:\Program Files\MiKTeX\tex/latex/hyperref\pdfmark.def"
File: pdfmark.def 2020-05-15 v7.00e Hyperref definitions for pdfmark specials
\pdf@docset=\toks41
\pdf@box=\box111
\pdf@toks=\toks42
\pdf@defaulttoks=\toks43
\HyField@AnnotCount=\count322
\Fld@listcount=\count323
\c@bookmark@seq@number=\count324

(C:\Users\Syed\AppData\Roaming\MiKTeX\tex/latex/rerunfilecheck\rerunfilecheck.sty
Package: rerunfilecheck 2019/12/05 v1.9 Rerun checks for auxiliary files (HO)

("C:\Program Files\MiKTeX\tex/latex/base\atveryend-ltx.sty"
Package: atveryend-ltx 2020/08/19 v1.0a Emulation of the original atvery package
with kernel methods
)
(C:\Users\Syed\AppData\Roaming\MiKTeX\tex/generic/uniquecounter\uniquecounter.sty
Package: uniquecounter 2019/12/15 v1.4 Provide unlimited unique counter (HO)
)
Package uniquecounter Info: New unique counter `rerunfilecheck' on input line 286.
)
\Hy@SectionHShift=\skip79
))
Package hyperref Info: Option `final' set `true' on input line 138.
Package hyperref Info: Option `breaklinks' set `false' on input line 138.
Package hyperref Info: Option `colorlinks' set `false' on input line 138.
Package hyperref Info: Option `bookmarksnumbered' set `true' on input line 138.
Package hyperref Info: Option `bookmarksopen' set `false' on input line 138.

(C:\Users\Syed\AppData\Roaming\MiKTeX\tex/latex/breakurl\breakurl.sty
Package: breakurl 2013/04/10 v1.40 Breakable hyperref URLs

("C:\Program Files\MiKTeX\tex/generic/iftex\ifpdf.sty"
Package: ifpdf 2019/10/25 v3.4 ifpdf legacy package. Use iftex instead.
)
\burl@toks=\toks44
) ("C:\Program Files\MiKTeX\tex/latex/hyperref\backref.sty"
Package: backref 2020/01/14 v1.40 Bibliographical back referencing
))
("C:\Program Files\MiKTeX\tex/latex/l3backend\l3backend-dvips.def"
File: l3backend-dvips.def 2020-01-29 L3 backend support: dvips
\l__pdf_internal_box=\box112
\g__pdf_backend_object_int=\count325
\l__pdf_backend_content_box=\box113
\l__pdf_backend_model_box=\box114
\g__pdf_backend_annotation_int=\count326
\g__pdf_backend_link_int=\count327
\g__pdf_backend_link_sf_int=\count328
) (NU_Thesis.aux (Plagiarism_Undertaking.aux)
(Author_Declaration.aux) (Certificate_of_Approval.aux) (Dedication.aux) (Abstract.aux) (Acknowledgments.aux)
(Introduction.aux) (Literature_Review.aux) (Methodology.aux) (Conclusions.aux) (Recommendations_for_Future_Work.aux)
(Bibliography.aux) (AppendixA.aux) (AppendixB.aux))
\openout1 = `NU_Thesis.aux'.

LaTeX Font Info:    Checking defaults for OML/cmm/m/it on input line 20.
LaTeX Font Info:    ... okay on input line 20.
LaTeX Font Info:    Checking defaults for OMS/cmsy/m/n on input line 20.
LaTeX Font Info:    ... okay on input line 20.
LaTeX Font Info:    Checking defaults for OT1/cmr/m/n on input line 20.
LaTeX Font Info:    ... okay on input line 20.
LaTeX Font Info:    Checking defaults for T1/cmr/m/n on input line 20.
LaTeX Font Info:    ... okay on input line 20.
LaTeX Font Info:    Checking defaults for TS1/cmr/m/n on input line 20.
LaTeX Font Info:    ... okay on input line 20.
LaTeX Font Info:    Checking defaults for OMX/cmex/m/n on input line 20.
LaTeX Font Info:    ... okay on input line 20.
LaTeX Font Info:    Checking defaults for U/cmr/m/n on input line 20.
LaTeX Font Info:    ... okay on input line 20.
LaTeX Font Info:    Checking defaults for PD1/pdf/m/n on input line 20.
LaTeX Font Info:    ... okay on input line 20.

*geometry* driver: auto-detecting
*geometry* detected driver: dvips
*geometry* verbose mode - [ preamble ] result:
* driver: dvips
* paper: a4paper
* layout: <same size as paper>
* layoutoffset:(h,v)=(0.0pt,0.0pt)
* modes: twoside 
* h-part:(L,W,R)=(99.58464pt, 426.79135pt, 71.13188pt)
* v-part:(T,H,B)=(71.13188pt, 702.78308pt, 71.13188pt)
* \paperwidth=597.50787pt
* \paperheight=845.04684pt
* \textwidth=426.79135pt
* \textheight=702.78308pt
* \oddsidemargin=27.31465pt
* \evensidemargin=-1.1381pt
* \topmargin=-38.1381pt
* \headheight=15.0pt
* \headsep=25.0pt
* \topskip=12.0pt
* \footskip=30.0pt
* \marginparwidth=85.0pt
* \marginparsep=10.0pt
* \columnsep=10.0pt
* \skip\footins=10.8pt plus 4.0pt minus 2.0pt
* \hoffset=0.0pt
* \voffset=0.0pt
* \mag=1000
* \@twocolumnfalse
* \@twosidetrue
* \@mparswitchtrue
* \@reversemarginfalse
* (1in=72.27pt=25.4mm, 1cm=28.453pt)

\c@lstlisting=\count329
Package caption Info: Begin \AtBeginDocument code.
Package caption Info: hyperref package is loaded.
Package caption Info: longtable package is loaded.
(C:\Users\Syed\AppData\Roaming\MiKTeX\tex/latex/caption\ltcaption.sty
Package: ltcaption 2020/05/30 v1.4b longtable captions (AR)
)
Package caption Info: rotating package is loaded.
Package caption Info: supertabular package is loaded.
Package caption Info: threeparttable package is loaded.
Package caption Info: End \AtBeginDocument code.
Package hyperref Info: Link coloring OFF on input line 20.

("C:\Program Files\MiKTeX\tex/latex/hyperref\nameref.sty"
Package: nameref 2019/09/16 v2.46 Cross-referencing by name of section

(C:\Users\Syed\AppData\Roaming\MiKTeX\tex/latex/refcount\refcount.sty
Package: refcount 2019/12/15 v3.6 Data extraction from label references (HO)
)
(C:\Users\Syed\AppData\Roaming\MiKTeX\tex/generic/gettitlestring\gettitlestring.sty
Package: gettitlestring 2019/12/15 v1.6 Cleanup title references (HO)
)
\c@section@level=\count330
LaTeX Info: Redefining \Ref on input line 520.
)
LaTeX Info: Redefining \ref on input line 20.
LaTeX Info: Redefining \pageref on input line 20.
LaTeX Info: Redefining \nameref on input line 20.
 (NU_Thesis.out) (NU_Thesis.out)
\@outlinefile=\write8
\openout8 = `NU_Thesis.out'.

LaTeX Info: Redefining \Ref on input line 20.
File: Figures//NULogoOfficial.eps Graphic file (type eps)

<Figures//NULogoOfficial.eps> [1

]
\openout2 = `Plagiarism_Undertaking.aux'.

 (Plagiarism_Undertaking.tex [2


]
LaTeX Font Info:    Trying to load font information for OT1+lmr on input line 15.
 ("C:\Program Files\MiKTeX\tex/latex/lm\ot1lmr.fd"
File: ot1lmr.fd 2009/10/30 v1.6 Font defs for Latin Modern
)
LaTeX Font Info:    Trying to load font information for OML+lmm on input line 15.

("C:\Program Files\MiKTeX\tex/latex/lm\omllmm.fd"
File: omllmm.fd 2009/10/30 v1.6 Font defs for Latin Modern
)
LaTeX Font Info:    Trying to load font information for OMS+lmsy on input line 15.
 ("C:\Program Files\MiKTeX\tex/latex/lm\omslmsy.fd"
File: omslmsy.fd 2009/10/30 v1.6 Font defs for Latin Modern
)
LaTeX Font Info:    Trying to load font information for OMX+lmex on input line 15.

("C:\Program Files\MiKTeX\tex/latex/lm\omxlmex.fd"
File: omxlmex.fd 2009/10/30 v1.6 Font defs for Latin Modern
)
LaTeX Font Info:    External font `lmex10' loaded for size
(Font)              <12> on input line 15.
LaTeX Font Info:    External font `lmex10' loaded for size
(Font)              <8> on input line 15.
LaTeX Font Info:    External font `lmex10' loaded for size
(Font)              <6> on input line 15.
) [1]
\openout2 = `Author_Declaration.aux'.

 (Author_Declaration.tex [2




]) [3] [4



]
\openout2 = `Certificate_of_Approval.aux'.


(Certificate_of_Approval.tex) [5

] [6



]
\openout2 = `Dedication.aux'.

 (Dedication.tex
LaTeX Font Info:    Trying to load font information for T1+pzc on input line 8.
 (C:\Users\Syed\AppData\Roaming\MiKTeX\tex/latex/psnfss\t1pzc.fd
File: t1pzc.fd 2020/03/25 font definitions for T1/pzc.
)
LaTeX Font Info:    Font shape `T1/pzc/m/n' in size <12> not available
(Font)              Font shape `T1/pzc/m/it' tried instead on input line 8.
LaTeX Font Info:    Font shape `T1/pzc/m/n' in size <14.4> not available
(Font)              Font shape `T1/pzc/m/it' tried instead on input line 8.
)
[7

]
\openout2 = `Abstract.aux'.

 (Abstract.tex [8




]) [9]
\openout2 = `Acknowledgments.aux'.

 (Acknowledgments.tex [10




]) [11] [12



] (NU_Thesis.toc [13

])
\tf@toc=\write9
\openout9 = `NU_Thesis.toc'.

 [14] (NU_Thesis.lot)
\tf@lot=\write10
\openout10 = `NU_Thesis.lot'.

 [15

] [16

]
(NU_Thesis.lof)
\tf@lof=\write11
\openout11 = `NU_Thesis.lof'.

 (NU_Thesis.nls [17] [18

]) [19] [20

]
\openout2 = `Introduction.aux'.

 (Introduction.tex
Chapter 1.
) [1


]
\openout2 = `Literature_Review.aux'.

 (Literature_Review.tex [2




]
Chapter 2.
LaTeX Font Info:    Trying to load font information for T1+lmss on input line 11.
("C:\Program Files\MiKTeX\tex/latex/lm\t1lmss.fd"
File: t1lmss.fd 2009/10/30 v1.6 Font defs for Latin Modern
) [3]
LaTeX Font Info:    Trying to load font information for TS1+lmr on input line 50.
 ("C:\Program Files\MiKTeX\tex/latex/lm\ts1lmr.fd"
File: ts1lmr.fd 2009/10/30 v1.6 Font defs for Latin Modern
) [4]
File: Figures//Stars.eps Graphic file (type eps)

<Figures//Stars.eps>)
Overfull \hbox (10.9439pt too wide) in paragraph at lines 118--51
\T1/lmr/m/n/12 The ideal graph-ics for-mat for in-clu-sion in a L[]T[]Xdocument is "en-cap-su-lated postscript"
 []


Underfull \vbox (badness 10000) has occurred while \output is active []

 [5] [6]
\openout2 = `Methodology.aux'.

 (Methodology.tex
Chapter 3.
LaTeX Font Info:    External font `lmex10' loaded for size
(Font)              <10> on input line 8.
LaTeX Font Info:    External font `lmex10' loaded for size
(Font)              <7> on input line 8.
LaTeX Font Info:    Trying to load font information for T1+lmtt on input line 18.
("C:\Program Files\MiKTeX\tex/latex/lm\t1lmtt.fd"
File: t1lmtt.fd 2009/10/30 v1.6 Font defs for Latin Modern
) [7




] ("C:\Program Files\MiKTeX\tex/latex/listings\lstlang1.sty"
File: lstlang1.sty 2020/03/24 1.8d listings language file
)
LaTeX Font Info:    Font shape `T1/lmtt/bx/n' in size <10> not available
(Font)              Font shape `T1/lmtt/b/n' tried instead on input line 56.
LaTeX Font Info:    Font shape `T1/lmtt/bx/n' in size <8> not available
(Font)              Font shape `T1/lmtt/b/n' tried instead on input line 56.
)
[8]
\openout2 = `Conclusions.aux'.

 (Conclusions.tex
Chapter 4.
) [9




]
\openout2 = `Recommendations_for_Future_Work.aux'.

 (Recommendations_for_Future_Work.tex [10




]
Chapter 5.
) [11]
\openout2 = `Bibliography.aux'.

 (Bibliography.tex (NU_Thesis.bbl (NU_Thesis.brf)
\tf@brf=\write12
\openout12 = `NU_Thesis.brf'.

 [12




])) [13]
\openout2 = `AppendixA.aux'.

 (AppendixA.tex [14




]
Appendix A.
) [15]
\openout2 = `AppendixB.aux'.

 (AppendixB.tex [16




]
Appendix B.
) [17] [18



] (NU_Thesis.ind) [19

]

LaTeX3 Info: Redefining command \BeforeClosingMainAux with sig. 'm' on line
(LaTeX3)     63.

 (NU_Thesis.aux (Plagiarism_Undertaking.aux) (Author_Declaration.aux)
(Certificate_of_Approval.aux) (Dedication.aux) (Abstract.aux) (Acknowledgments.aux) (Introduction.aux)
(Literature_Review.aux) (Methodology.aux) (Conclusions.aux) (Recommendations_for_Future_Work.aux) (Bibliography.aux)
(AppendixA.aux) (AppendixB.aux))
Package rerunfilecheck Info: File `NU_Thesis.out' has not changed.
(rerunfilecheck)             Checksum: D6749BAB44CE824AF49AEA50D5155518;3082.
Package rerunfilecheck Info: File `NU_Thesis.brf' has not changed.
(rerunfilecheck)             Checksum: FA4185FDE86BE9F81C80FDFE377F2090;91.
 ) 
Here is how much of TeX's memory you used:
 13668 strings out of 479619
 215177 string characters out of 2874894
 808202 words of memory out of 3000000
 30376 multiletter control sequences out of 15000+200000
 509438 words of font info for 92 fonts, out of 3000000 for 9000
 1141 hyphenation exceptions out of 8191
 118i,12n,119p,771b,1330s stack positions out of 5000i,500n,10000p,200000b,50000s

Output written on NU_Thesis.dvi (41 pages, 80820 bytes).
